[0921/135604.917:INFO:CONSOLE(0)] "Error with Permissions-Policy header: Feature xr-spatial-tracking's parameters are ignored.", source:  (0)
[0921/135604.917:INFO:CONSOLE(0)] "Error with Permissions-Policy header: Origin trial controlled feature not enabled: 'attribution-reporting'.", source:  (0)
[0921/135604.917:INFO:CONSOLE(0)] "Error with Permissions-Policy header: Unrecognized feature: 'compute-pressure'.", source:  (0)
[0921/135604.917:INFO:CONSOLE(0)] "Error with Permissions-Policy header: Origin trial controlled feature not enabled: 'interest-cohort'.", source:  (0)
[0921/135604.917:INFO:CONSOLE(0)] "Error with Permissions-Policy header: Unrecognized feature: 'private-state-token-issuance'.", source:  (0)
[0921/135604.918:INFO:CONSOLE(0)] "Error with Permissions-Policy header: Origin trial controlled feature not enabled: 'shared-storage'.", source:  (0)
[0921/135604.918:INFO:CONSOLE(0)] "Error with Permissions-Policy header: Unrecognized feature: 'shared-storage-select-url'.", source:  (0)
[0921/135604.919:INFO:CONSOLE(0)] "Error with Permissions-Policy header: Unrecognized feature: 'private-state-token-redemption'.", source:  (0)
[0921/135604.919:INFO:CONSOLE(0)] "Error with Permissions-Policy header: Unrecognized feature: 'unload'.", source:  (0)
[0921/135604.919:INFO:CONSOLE(0)] "Error with Permissions-Policy header: Unrecognized feature: 'window-management'.", source:  (0)
[0921/135609.327:INFO:CONSOLE(343)] "WAWebLoggerWorker initialized", source: https://static.whatsapp.net/rsrc.php/v3/yS/r/Rz1O0wm9Obi.js?_nc_x=Ij3Wp8lg5Kz (343)
[0921/135609.712:INFO:CONSOLE(343)] "[storage] start setSchemaVersions from fts worker interface", source: https://static.whatsapp.net/rsrc.php/v3/yS/r/Rz1O0wm9Obi.js?_nc_x=Ij3Wp8lg5Kz (343)
[0921/135609.712:INFO:CONSOLE(343)] "[storage] set schema versions: [model-storage,159,fts-storage,8,jobs-storage,1,lru-media-storage-idb,2,offd-storage,4,qpl-storage,0,signal-storage,6,worker-storage,1,sw,2,wawc,14,wawc_db_enc,2]. is worker? true", source: https://static.whatsapp.net/rsrc.php/v3/yS/r/Rz1O0wm9Obi.js?_nc_x=Ij3Wp8lg5Kz (343)
[0921/135611.357:INFO:CONSOLE(140)] "Event handler of 'x-storagemutated-1' event must be added on the initial evaluation of worker script.", source: https://static.whatsapp.net/rsrc.php/v3/yP/r/1BZ8MhYlZb_.js?_nc_x=Ij3Wp8lg5Kz (140)
[0921/135643.798:INFO:CONSOLE(343)] "FTS:Delegate: start indexer", source: https://static.whatsapp.net/rsrc.php/v3/yS/r/Rz1O0wm9Obi.js?_nc_x=Ij3Wp8lg5Kz (343)
[0921/135643.798:INFO:CONSOLE(343)] "FTS:Delegate: start perform init", source: https://static.whatsapp.net/rsrc.php/v3/yS/r/Rz1O0wm9Obi.js?_nc_x=Ij3Wp8lg5Kz (343)
[0921/135643.798:INFO:CONSOLE(343)] "FTS:Delegate: schema versions ready", source: https://static.whatsapp.net/rsrc.php/v3/yS/r/Rz1O0wm9Obi.js?_nc_x=Ij3Wp8lg5Kz (343)
[0921/135643.799:INFO:CONSOLE(343)] "FTS:Delegate: before db initialization", source: https://static.whatsapp.net/rsrc.php/v3/yS/r/Rz1O0wm9Obi.js?_nc_x=Ij3Wp8lg5Kz (343)
[0921/135643.801:INFO:CONSOLE(343)] "[storage] applying schema versions from [0 to 8] for the database: 'fts-storage'", source: https://static.whatsapp.net/rsrc.php/v3/yS/r/Rz1O0wm9Obi.js?_nc_x=Ij3Wp8lg5Kz (343)
[0921/135643.856:INFO:CONSOLE(343)] "[storage] applying schema versions from [0 to 159] for the database: 'model-storage'", source: https://static.whatsapp.net/rsrc.php/v3/yS/r/Rz1O0wm9Obi.js?_nc_x=Ij3Wp8lg5Kz (343)
[0921/135648.742:INFO:CONSOLE(343)] "FTS:Delegate: after db initialization", source: https://static.whatsapp.net/rsrc.php/v3/yS/r/Rz1O0wm9Obi.js?_nc_x=Ij3Wp8lg5Kz (343)
[0921/135648.756:INFO:CONSOLE(343)] "FTS:Manifest Writer: Set current version to ['3.1', '1']", source: https://static.whatsapp.net/rsrc.php/v3/yS/r/Rz1O0wm9Obi.js?_nc_x=Ij3Wp8lg5Kz (343)
[0921/135648.759:INFO:CONSOLE(343)] "FTS:Delegate: Inited", source: https://static.whatsapp.net/rsrc.php/v3/yS/r/Rz1O0wm9Obi.js?_nc_x=Ij3Wp8lg5Kz (343)
[0921/135648.759:INFO:CONSOLE(343)] "FTS:Delegate: Init indexing ops", source: https://static.whatsapp.net/rsrc.php/v3/yS/r/Rz1O0wm9Obi.js?_nc_x=Ij3Wp8lg5Kz (343)
[0921/135648.775:INFO:CONSOLE(343)] "Current message batch is from entry 0 of 0...", source: https://static.whatsapp.net/rsrc.php/v3/yS/r/Rz1O0wm9Obi.js?_nc_x=Ij3Wp8lg5Kz (343)
[0921/135648.779:INFO:CONSOLE(343)] "FTS:Indexer:indexQueuedBatch: Starting new batch size : 1000", source: https://static.whatsapp.net/rsrc.php/v3/yS/r/Rz1O0wm9Obi.js?_nc_x=Ij3Wp8lg5Kz (343)
[0921/135648.784:INFO:CONSOLE(343)] "FTS:Indexer:indexQueuedBatch: Completed", source: https://static.whatsapp.net/rsrc.php/v3/yS/r/Rz1O0wm9Obi.js?_nc_x=Ij3Wp8lg5Kz (343)
[0921/135658.061:INFO:CONSOLE(343)] "FTS:Indexer:indexQueuedBatch: Starting new batch size : 1000", source: https://static.whatsapp.net/rsrc.php/v3/yS/r/Rz1O0wm9Obi.js?_nc_x=Ij3Wp8lg5Kz (343)
[0921/135724.544:INFO:CONSOLE(343)] "FTS:Indexer:indexQueuedBatch: Completed batch", source: https://static.whatsapp.net/rsrc.php/v3/yS/r/Rz1O0wm9Obi.js?_nc_x=Ij3Wp8lg5Kz (343)
[0921/135730.863:INFO:CONSOLE(343)] "FTS:Indexer:indexQueuedBatch: Completed batch", source: https://static.whatsapp.net/rsrc.php/v3/yS/r/Rz1O0wm9Obi.js?_nc_x=Ij3Wp8lg5Kz (343)
[0921/135730.917:INFO:CONSOLE(343)] "FTS:Indexer:indexQueuedBatch: Completed batch", source: https://static.whatsapp.net/rsrc.php/v3/yS/r/Rz1O0wm9Obi.js?_nc_x=Ij3Wp8lg5Kz (343)
[0921/135730.956:INFO:CONSOLE(343)] "FTS:Indexer:indexQueuedBatch: Completed", source: https://static.whatsapp.net/rsrc.php/v3/yS/r/Rz1O0wm9Obi.js?_nc_x=Ij3Wp8lg5Kz (343)
[0921/135734.704:INFO:CONSOLE(343)] "FTS:Indexer:indexQueuedBatch: Starting new batch size : 1000", source: https://static.whatsapp.net/rsrc.php/v3/yS/r/Rz1O0wm9Obi.js?_nc_x=Ij3Wp8lg5Kz (343)
[0921/135734.722:INFO:CONSOLE(343)] "FTS:Indexer:indexQueuedBatch: Completed batch", source: https://static.whatsapp.net/rsrc.php/v3/yS/r/Rz1O0wm9Obi.js?_nc_x=Ij3Wp8lg5Kz (343)
[0921/135734.723:INFO:CONSOLE(343)] "FTS:Indexer:indexQueuedBatch: Completed", source: https://static.whatsapp.net/rsrc.php/v3/yS/r/Rz1O0wm9Obi.js?_nc_x=Ij3Wp8lg5Kz (343)
